Using pre-set license
Built from '2020.3/release' branch; Version is '2020.3.12f1 (b3b2c6512326) revision 11776710'; Using compiler version '192528614'; Build Type 'Release'
OS: 'Windows 10 Pro; OS build 19041.1052; Version 2004; 64bit' Language: 'zh' Physical Memory: 16295 MB
BatchMode: 1, IsHumanControllingUs: 0, StartBugReporterOnCrash: 0, Is64bit: 1, IsPro: 0

 COMMAND LINE ARGUMENTS:
D:\2020.3.12f1\Editor\Unity.exe
-adb2
-batchMode
-noUpm
-name
AssetImportWorker0
-projectPath
C:/Users/tonys/OneDrive/Desktop/Unity works/2D_TowerDefense/Unity_2D_TowerDefense
-logFile
Logs/AssetImportWorker0.log
-srvPort
54294
Successfully changed project path to: C:/Users/tonys/OneDrive/Desktop/Unity works/2D_TowerDefense/Unity_2D_TowerDefense
C:/Users/tonys/OneDrive/Desktop/Unity works/2D_TowerDefense/Unity_2D_TowerDefense
Using Asset Import Pipeline V2.
Refreshing native plugins compatible for Editor in 34.19 ms, found 2 plugins.
Preloading 0 native plugins for Editor in 0.00 ms.
Initialize engine version: 2020.3.12f1 (b3b2c6512326)
[Subsystems] Discovering subsystems at path D:/2020.3.12f1/Editor/Data/Resources/UnitySubsystems
[Subsystems] Discovering subsystems at path C:/Users/tonys/OneDrive/Desktop/Unity works/2D_TowerDefense/Unity_2D_TowerDefense/Assets
GfxDevice: creating device client; threaded=0
Direct3D:
    Version:  Direct3D 11.0 [level 11.1]
    Renderer: NVIDIA GeForce RTX 2070 (ID=0x1f02)
    Vendor:   
    VRAM:     8031 MB
    Driver:   30.0.14.7111
Initialize mono
Mono path[0] = 'D:/2020.3.12f1/Editor/Data/Managed'
Mono path[1] = 'D:/2020.3.12f1/Editor/Data/MonoBleedingEdge/lib/mono/unityjit'
Mono config path = 'D:/2020.3.12f1/Editor/Data/MonoBleedingEdge/etc'
Using monoOptions --debugger-agent=transport=dt_socket,embedding=1,server=y,suspend=n,address=127.0.0.1:56688
Begin MonoManager ReloadAssembly
Registering precompiled unity dll's ...
Register platform support module: D:/2020.3.12f1/Editor/Data/PlaybackEngines/WebGLSupport/UnityEditor.WebGL.Extensions.dll
Register platform support module: D:/2020.3.12f1/Editor/Data/PlaybackEngines/WindowsStandaloneSupport/UnityEditor.WindowsStandalone.Extensions.dll
Registered in 0.000937 seconds.
Native extension for WindowsStandalone target not found
Native extension for WebGL target not found
Refreshing native plugins compatible for Editor in 47.62 ms, found 2 plugins.
Preloading 0 native plugins for Editor in 0.00 ms.
Mono: successfully reloaded assembly
- Completed reload, in  0.824 seconds
Platform modules already initialized, skipping
Registering precompiled user dll's ...
Registered in 0.003628 seconds.
Begin MonoManager ReloadAssembly
Native extension for WindowsStandalone target not found
Native extension for WebGL target not found
Refreshing native plugins compatible for Editor in 0.37 ms, found 2 plugins.
Preloading 0 native plugins for Editor in 0.00 ms.
Mono: successfully reloaded assembly
- Completed reload, in  0.829 seconds
Platform modules already initialized, skipping
========================================================================
Worker process is ready to serve import requests
Launched and connected shader compiler UnityShaderCompiler.exe after 0.03 seconds
Refreshing native plugins compatible for Editor in 0.38 ms, found 2 plugins.
Preloading 0 native plugins for Editor in 0.00 ms.
Unloading 1418 Unused Serialized files (Serialized files now loaded: 0)
System memory in use before: 67.1 MB.
System memory in use after: 67.2 MB.

Unloading 18 unused Assets to reduce memory usage. Loaded Objects now: 1852.
Total: 1.646900 ms (FindLiveObjects: 0.135800 ms CreateObjectMapping: 0.040900 ms MarkObjects: 1.419200 ms  DeleteObjects: 0.050100 ms)

AssetImportParameters requested are different than current active one (requested -> active):
  custom:framework-win-MediaFoundation: 216162199b28c13a410421893ffa2e32 -> 
  custom:video-decoder-ogg-theora: a1e56fd34408186e4bbccfd4996cb3dc -> 
  custom:container-muxer-webm: aa71ff27fc2769a1b78a27578f13a17b -> 
  custom:container-demuxer-webm: 4f35f7cbe854078d1ac9338744f61a02 -> 
  custom:container-demuxer-ogg: 62fdf1f143b41e24485cea50d1cbac27 -> 
  custom:video-encoder-webm-vp8: eb34c28f22e8b96e1ab97ce403110664 -> 
  custom:video-decoder-webm-vp8: 9c59270c3fd7afecdb556c50c9e8de78 -> 
  custom:audio-decoder-ogg-vorbis: bf7c407c2cedff20999df2af8eb42d56 -> 
  custom:audio-encoder-webm-vorbis: bf7c407c2cedff20999df2af8eb42d56 -> 
========================================================================
Received Import Request.
  path: Assets/選單.unity
  artifactKey: Guid(e50536500daed1646aad3b49609d9884) Importer(815301076,1909f56bfc062723c751e8b465ee728b)
Start importing Assets/選單.unity using Guid(e50536500daed1646aad3b49609d9884) Importer(815301076,1909f56bfc062723c751e8b465ee728b)  -> (artifact id: '9fc0c8226061f1a2e9a041bf5291c08a') in 0.013388 seconds 
  Import took 0.015238 seconds .

========================================================================
Received Import Request.
  Time since last request: 0.000180 seconds.
  path: Assets/結尾.unity
  artifactKey: Guid(c6a39ffd666c0c143949ee6688c2a71f) Importer(815301076,1909f56bfc062723c751e8b465ee728b)
Start importing Assets/結尾.unity using Guid(c6a39ffd666c0c143949ee6688c2a71f) Importer(815301076,1909f56bfc062723c751e8b465ee728b)  -> (artifact id: '6e458764be903cfb187b9058ea12c31e') in 0.005208 seconds 
  Import took 0.007031 seconds .

========================================================================
Received Import Request.
  Time since last request: 24.422201 seconds.
  path: Assets/選擇角色選單.unity
  artifactKey: Guid(90c66a84a5e8bff4d8f4c12e46165bf6) Importer(815301076,1909f56bfc062723c751e8b465ee728b)
Start importing Assets/選擇角色選單.unity using Guid(90c66a84a5e8bff4d8f4c12e46165bf6) Importer(815301076,1909f56bfc062723c751e8b465ee728b)  -> (artifact id: '6ae003b1a2e0c0ddba06ced072ebf2fd') in 0.005664 seconds 
  Import took 0.007891 seconds .

========================================================================
Received Import Request.
  Time since last request: 86.344203 seconds.
  path: Assets/圖片/7.png
  artifactKey: Guid(487e7b4a9096e154780b3e3e42e6baa7) Importer(815301076,1909f56bfc062723c751e8b465ee728b)
Start importing Assets/圖片/7.png using Guid(487e7b4a9096e154780b3e3e42e6baa7) Importer(815301076,1909f56bfc062723c751e8b465ee728b)  -> (artifact id: '0c866f4585c5087d94d7af0efdb3970d') in 0.112982 seconds 
  Import took 0.115861 seconds .

========================================================================
Received Import Request.
  Time since last request: 0.000231 seconds.
  path: Assets/圖片/Explosion_1.png
  artifactKey: Guid(f544dd9769faaa3438ea3dc91d8c9bc1) Importer(815301076,1909f56bfc062723c751e8b465ee728b)
Start importing Assets/圖片/Explosion_1.png using Guid(f544dd9769faaa3438ea3dc91d8c9bc1) Importer(815301076,1909f56bfc062723c751e8b465ee728b)  -> (artifact id: '145dfb41ab5abc37e6c83f7581accbc1') in 0.013062 seconds 
  Import took 0.015183 seconds .

========================================================================
Received Import Request.
  Time since last request: 0.000248 seconds.
  path: Assets/圖片/UI board Small Set.png
  artifactKey: Guid(8eb69fafe4f719b49bb2dd1a7358aaaa) Importer(815301076,1909f56bfc062723c751e8b465ee728b)
Start importing Assets/圖片/UI board Small Set.png using Guid(8eb69fafe4f719b49bb2dd1a7358aaaa) Importer(815301076,1909f56bfc062723c751e8b465ee728b)  -> (artifact id: '4fb6744a42b178cb3502c063354cc445') in 0.020194 seconds 
  Import took 0.022395 seconds .

========================================================================
Received Import Request.
  Time since last request: 0.000180 seconds.
  path: Assets/圖片/Explosion_3.png
  artifactKey: Guid(5a4903e73573d9a4b82da5bfbb09ff88) Importer(815301076,1909f56bfc062723c751e8b465ee728b)
Start importing Assets/圖片/Explosion_3.png using Guid(5a4903e73573d9a4b82da5bfbb09ff88) Importer(815301076,1909f56bfc062723c751e8b465ee728b)  -> (artifact id: '362cad85ebf70ae5c13cf359889e7d59') in 0.013163 seconds 
  Import took 0.015426 seconds .

========================================================================
Received Import Request.
  Time since last request: 0.000150 seconds.
  path: Assets/圖片/光束.png
  artifactKey: Guid(d2513d4f71ccdc547b3877c5c4c41a94) Importer(815301076,1909f56bfc062723c751e8b465ee728b)
Start importing Assets/圖片/光束.png using Guid(d2513d4f71ccdc547b3877c5c4c41a94) Importer(815301076,1909f56bfc062723c751e8b465ee728b)  -> (artifact id: '351adbf144543fb660dcc0c9315e4a8b') in 0.012652 seconds 
  Import took 0.014723 seconds .

========================================================================
Received Import Request.
  Time since last request: 0.000205 seconds.
  path: Assets/圖片/火2.png
  artifactKey: Guid(cb9c813caeb14ec4794520fadabf29a4) Importer(815301076,1909f56bfc062723c751e8b465ee728b)
Start importing Assets/圖片/火2.png using Guid(cb9c813caeb14ec4794520fadabf29a4) Importer(815301076,1909f56bfc062723c751e8b465ee728b)  -> (artifact id: '40d393a5ea284a60d0b12a982e96012a') in 0.021935 seconds 
  Import took 0.024034 seconds .

========================================================================
Received Import Request.
  Time since last request: 0.000231 seconds.
  path: Assets/圖片/敵方.png
  artifactKey: Guid(6c904af76ed98944694d7a83d5f64d80) Importer(815301076,1909f56bfc062723c751e8b465ee728b)
Start importing Assets/圖片/敵方.png using Guid(6c904af76ed98944694d7a83d5f64d80) Importer(815301076,1909f56bfc062723c751e8b465ee728b)  -> (artifact id: 'ea6c8b24b64398242485f0cd0388353d') in 0.022371 seconds 
  Import took 0.024551 seconds .

========================================================================
Received Import Request.
  Time since last request: 0.000289 seconds.
  path: Assets/圖片/框框.png
  artifactKey: Guid(20b66fa354c5e0747aa0b7bfd35f3cd7) Importer(815301076,1909f56bfc062723c751e8b465ee728b)
Start importing Assets/圖片/框框.png using Guid(20b66fa354c5e0747aa0b7bfd35f3cd7) Importer(815301076,1909f56bfc062723c751e8b465ee728b)  -> (artifact id: '8c5b5773bc73c22f920686914f3412b8') in 0.014353 seconds 
  Import took 0.016581 seconds .

========================================================================
Received Import Request.
  Time since last request: 0.000310 seconds.
  path: Assets/圖片/我方.png
  artifactKey: Guid(3af760b9ff1ae8b4b81cffc3aca699fb) Importer(815301076,1909f56bfc062723c751e8b465ee728b)
Start importing Assets/圖片/我方.png using Guid(3af760b9ff1ae8b4b81cffc3aca699fb) Importer(815301076,1909f56bfc062723c751e8b465ee728b)  -> (artifact id: 'faebfe74d0202803ba49a5ef6a57ad23') in 0.019149 seconds 
  Import took 0.021404 seconds .

========================================================================
Received Import Request.
  Time since last request: 0.000125 seconds.
  path: Assets/圖片/wait.png
  artifactKey: Guid(78d615b17aa941841b1038a35ce07093) Importer(815301076,1909f56bfc062723c751e8b465ee728b)
Start importing Assets/圖片/wait.png using Guid(78d615b17aa941841b1038a35ce07093) Importer(815301076,1909f56bfc062723c751e8b465ee728b)  -> (artifact id: 'f8735693b8a894d39396ce69c735ff4c') in 0.025365 seconds 
  Import took 0.027404 seconds .

========================================================================
Received Import Request.
  Time since last request: 0.000203 seconds.
  path: Assets/圖片/方形.png
  artifactKey: Guid(8215f1abcf4bd0342a881c3963ce4dc3) Importer(815301076,1909f56bfc062723c751e8b465ee728b)
Start importing Assets/圖片/方形.png using Guid(8215f1abcf4bd0342a881c3963ce4dc3) Importer(815301076,1909f56bfc062723c751e8b465ee728b)  -> (artifact id: 'd23aef0823aa204f2075c6084e0c66e6') in 0.013644 seconds 
  Import took 0.015783 seconds .

========================================================================
Received Import Request.
  Time since last request: 0.000148 seconds.
  path: Assets/圖片/Explosion_7.png
  artifactKey: Guid(95864b403724e9041a95722b0fd4e93d) Importer(815301076,1909f56bfc062723c751e8b465ee728b)
Start importing Assets/圖片/Explosion_7.png using Guid(95864b403724e9041a95722b0fd4e93d) Importer(815301076,1909f56bfc062723c751e8b465ee728b)  -> (artifact id: '934f09627a2e5f84d21cb6965e094c3d') in 0.020379 seconds 
  Import took 0.022491 seconds .

========================================================================
Received Import Request.
  Time since last request: 0.000148 seconds.
  path: Assets/圖片/未命名-1 1.png
  artifactKey: Guid(a04bafc3d779fdb45ade107af7ddf67e) Importer(815301076,1909f56bfc062723c751e8b465ee728b)
Start importing Assets/圖片/未命名-1 1.png using Guid(a04bafc3d779fdb45ade107af7ddf67e) Importer(815301076,1909f56bfc062723c751e8b465ee728b)  -> (artifact id: '3e7b2212f2b8a1c8d01fda22fd375317') in 0.012409 seconds 
  Import took 0.014660 seconds .

========================================================================
Received Import Request.
  Time since last request: 0.000129 seconds.
  path: Assets/圖片/火3.png
  artifactKey: Guid(13002738a2eaf4349a900531f10d663f) Importer(815301076,1909f56bfc062723c751e8b465ee728b)
Start importing Assets/圖片/火3.png using Guid(13002738a2eaf4349a900531f10d663f) Importer(815301076,1909f56bfc062723c751e8b465ee728b)  -> (artifact id: '24d6126c386f6155b1ab27575a61ad24') in 0.010047 seconds 
  Import took 0.012280 seconds .

========================================================================
Received Import Request.
  Time since last request: 0.000157 seconds.
  path: Assets/圖片/碎片.jpg
  artifactKey: Guid(702e4b2026a6a52499e9f3ec85a82f6e) Importer(815301076,1909f56bfc062723c751e8b465ee728b)
Start importing Assets/圖片/碎片.jpg using Guid(702e4b2026a6a52499e9f3ec85a82f6e) Importer(815301076,1909f56bfc062723c751e8b465ee728b)  -> (artifact id: '53d101be47c9f04635fe435d687bd821') in 0.011970 seconds 
  Import took 0.013996 seconds .

========================================================================
Received Import Request.
  Time since last request: 0.000158 seconds.
  path: Assets/圖片/picture.png
  artifactKey: Guid(3c17ba4d34658c548aa4d5d359def584) Importer(815301076,1909f56bfc062723c751e8b465ee728b)
Start importing Assets/圖片/picture.png using Guid(3c17ba4d34658c548aa4d5d359def584) Importer(815301076,1909f56bfc062723c751e8b465ee728b)  -> (artifact id: 'dc6acbee6ffd174c7b8b1eabfe9e2dee') in 0.032779 seconds 
  Import took 0.035784 seconds .

========================================================================
Received Import Request.
  Time since last request: 0.000190 seconds.
  path: Assets/圖片/未命名-1.png
  artifactKey: Guid(9191b8cebe9cfea41b4d01253cb3e1fb) Importer(815301076,1909f56bfc062723c751e8b465ee728b)
Start importing Assets/圖片/未命名-1.png using Guid(9191b8cebe9cfea41b4d01253cb3e1fb) Importer(815301076,1909f56bfc062723c751e8b465ee728b)  -> (artifact id: '425eb77b7af03226991f3250e19bc07f') in 0.010826 seconds 
  Import took 0.012957 seconds .

========================================================================
Received Import Request.
  Time since last request: 0.000170 seconds.
  path: Assets/圖片/火1.png
  artifactKey: Guid(b46f82ed8b9672e44a8ef1b013e55164) Importer(815301076,1909f56bfc062723c751e8b465ee728b)
Start importing Assets/圖片/火1.png using Guid(b46f82ed8b9672e44a8ef1b013e55164) Importer(815301076,1909f56bfc062723c751e8b465ee728b)  -> (artifact id: '149274c5630a5a11fd750303314ddb7b') in 0.010928 seconds 
  Import took 0.013169 seconds .

========================================================================
Received Import Request.
  Time since last request: 0.000244 seconds.
  path: Assets/圖片/卡牌遮色片.png
  artifactKey: Guid(15f93fb4e11e14a499e624ce4c7b2b8b) Importer(815301076,1909f56bfc062723c751e8b465ee728b)
Start importing Assets/圖片/卡牌遮色片.png using Guid(15f93fb4e11e14a499e624ce4c7b2b8b) Importer(815301076,1909f56bfc062723c751e8b465ee728b)  -> (artifact id: '8633519241937de01ddcf0c823eeca3d') in 0.008917 seconds 
  Import took 0.010958 seconds .

========================================================================
Received Import Request.
  Time since last request: 0.000182 seconds.
  path: Assets/圖片/Explosion 2 SpriteSheet.png
  artifactKey: Guid(3bfa596b03857164f936c50c6be210fc) Importer(815301076,1909f56bfc062723c751e8b465ee728b)
Start importing Assets/圖片/Explosion 2 SpriteSheet.png using Guid(3bfa596b03857164f936c50c6be210fc) Importer(815301076,1909f56bfc062723c751e8b465ee728b)  -> (artifact id: '6749847575ee2be9942a7aac62dd09d7') in 0.025361 seconds 
  Import took 0.027434 seconds .

========================================================================
Received Import Request.
  Time since last request: 0.000112 seconds.
  path: Assets/圖片/Explosion_5.png
  artifactKey: Guid(59c889cf8f831724eb8c6cd8119d66b3) Importer(815301076,1909f56bfc062723c751e8b465ee728b)
Start importing Assets/圖片/Explosion_5.png using Guid(59c889cf8f831724eb8c6cd8119d66b3) Importer(815301076,1909f56bfc062723c751e8b465ee728b)  -> (artifact id: 'a760b1b5d24c01e52ef3942d02c9f248') in 0.011517 seconds 
  Import took 0.013494 seconds .

========================================================================
Received Import Request.
  Time since last request: 0.000143 seconds.
  path: Assets/圖片/Explosion_6.png
  artifactKey: Guid(b41a080eda57b524384f51679bac28ef) Importer(815301076,1909f56bfc062723c751e8b465ee728b)
Start importing Assets/圖片/Explosion_6.png using Guid(b41a080eda57b524384f51679bac28ef) Importer(815301076,1909f56bfc062723c751e8b465ee728b)  -> (artifact id: '812e184851bf9865067e13f80d6d1c32') in 0.010443 seconds 
  Import took 0.012466 seconds .

========================================================================
Received Import Request.
  Time since last request: 0.000226 seconds.
  path: Assets/圖片/選單圖.png
  artifactKey: Guid(7203e2d70a506b04cbe822a8678e1657) Importer(815301076,1909f56bfc062723c751e8b465ee728b)
Start importing Assets/圖片/選單圖.png using Guid(7203e2d70a506b04cbe822a8678e1657) Importer(815301076,1909f56bfc062723c751e8b465ee728b)  -> (artifact id: '78e18c996059a56b0a3682612f09e749') in 0.011218 seconds 
  Import took 0.013270 seconds .

========================================================================
Received Import Request.
  Time since last request: 0.000124 seconds.
  path: Assets/圖片/logo.png
  artifactKey: Guid(184f9749a105ba442b8cc363f279c6bb) Importer(815301076,1909f56bfc062723c751e8b465ee728b)
Start importing Assets/圖片/logo.png using Guid(184f9749a105ba442b8cc363f279c6bb) Importer(815301076,1909f56bfc062723c751e8b465ee728b)  -> (artifact id: 'd2476cdf0905c79ef5a417cf3015648a') in 0.011664 seconds 
  Import took 0.013620 seconds .

========================================================================
Received Import Request.
  Time since last request: 0.000154 seconds.
  path: Assets/圖片/unnamed.png
  artifactKey: Guid(a0c91d18888d2f54db784e4d80e573e2) Importer(815301076,1909f56bfc062723c751e8b465ee728b)
Start importing Assets/圖片/unnamed.png using Guid(a0c91d18888d2f54db784e4d80e573e2) Importer(815301076,1909f56bfc062723c751e8b465ee728b)  -> (artifact id: 'c78ce54a44f90994a6f50e7e5a6c3b02') in 0.010796 seconds 
  Import took 0.012906 seconds .

========================================================================
Received Import Request.
  Time since last request: 0.000118 seconds.
  path: Assets/圖片/npc.png
  artifactKey: Guid(c4bc2edac76e51b4998454bc6c15f0d2) Importer(815301076,1909f56bfc062723c751e8b465ee728b)
Start importing Assets/圖片/npc.png using Guid(c4bc2edac76e51b4998454bc6c15f0d2) Importer(815301076,1909f56bfc062723c751e8b465ee728b)  -> (artifact id: '1191b9f01d8181709aad7fd1cb0346d1') in 0.009651 seconds 
  Import took 0.011646 seconds .

========================================================================
Received Import Request.
  Time since last request: 0.000151 seconds.
  path: Assets/圖片/Explosion_2.png
  artifactKey: Guid(e2b2a49f0e2c3cc45a12c143fb7641fe) Importer(815301076,1909f56bfc062723c751e8b465ee728b)
Start importing Assets/圖片/Explosion_2.png using Guid(e2b2a49f0e2c3cc45a12c143fb7641fe) Importer(815301076,1909f56bfc062723c751e8b465ee728b)  -> (artifact id: 'a36e786c96bd04fa4653a95833739f3b') in 0.009816 seconds 
  Import took 0.011939 seconds .

========================================================================
Received Import Request.
  Time since last request: 0.000116 seconds.
  path: Assets/圖片/角色卡牌.png
  artifactKey: Guid(70135f8b0d2e3a24b922c1c2d8b211ed) Importer(815301076,1909f56bfc062723c751e8b465ee728b)
Start importing Assets/圖片/角色卡牌.png using Guid(70135f8b0d2e3a24b922c1c2d8b211ed) Importer(815301076,1909f56bfc062723c751e8b465ee728b)  -> (artifact id: '7b1a9e6b5d025d25ed532ba0d926359e') in 0.010026 seconds 
  Import took 0.012246 seconds .

========================================================================
Received Import Request.
  Time since last request: 0.000126 seconds.
  path: Assets/圖片/火4.png
  artifactKey: Guid(59874d590444f5644a10b11daa758b7a) Importer(815301076,1909f56bfc062723c751e8b465ee728b)
Start importing Assets/圖片/火4.png using Guid(59874d590444f5644a10b11daa758b7a) Importer(815301076,1909f56bfc062723c751e8b465ee728b)  -> (artifact id: 'b47760618592a091e5ab5014a88dd458') in 0.010058 seconds 
  Import took 0.012136 seconds .

========================================================================
Received Import Request.
  Time since last request: 0.000118 seconds.
  path: Assets/圖片/未命名.png
  artifactKey: Guid(01008be0f40be724dbc3125a3596ab6f) Importer(815301076,1909f56bfc062723c751e8b465ee728b)
Start importing Assets/圖片/未命名.png using Guid(01008be0f40be724dbc3125a3596ab6f) Importer(815301076,1909f56bfc062723c751e8b465ee728b)  -> (artifact id: '1b3a7e406e9f2dae23d4ce53a0d4224f') in 0.015338 seconds 
  Import took 0.017264 seconds .

========================================================================
Received Import Request.
  Time since last request: 0.000158 seconds.
  path: Assets/圖片/Explosion_4.png
  artifactKey: Guid(e9154ed4984ec3042b0ce8b40450cc9a) Importer(815301076,1909f56bfc062723c751e8b465ee728b)
Start importing Assets/圖片/Explosion_4.png using Guid(e9154ed4984ec3042b0ce8b40450cc9a) Importer(815301076,1909f56bfc062723c751e8b465ee728b)  -> (artifact id: '9d4ff5948ba439863c4522cd4f42db9e') in 0.010138 seconds 
  Import took 0.012275 seconds .

========================================================================
Received Import Request.
  Time since last request: 0.000221 seconds.
  path: Assets/圖片/Gladiator-Sprite Sheet.png
  artifactKey: Guid(ec921f3358b747344a72a20a131bf0ab) Importer(815301076,1909f56bfc062723c751e8b465ee728b)
Start importing Assets/圖片/Gladiator-Sprite Sheet.png using Guid(ec921f3358b747344a72a20a131bf0ab) Importer(815301076,1909f56bfc062723c751e8b465ee728b)  -> (artifact id: 'c2c4c930dc17a2ff07f1acdf4312d366') in 0.038454 seconds 
  Import took 0.040592 seconds .

========================================================================
Received Import Request.
  Time since last request: 0.000132 seconds.
  path: Assets/圖片/window.png
  artifactKey: Guid(a5148603411cb27449feaccd3a3e72ae) Importer(815301076,1909f56bfc062723c751e8b465ee728b)
Start importing Assets/圖片/window.png using Guid(a5148603411cb27449feaccd3a3e72ae) Importer(815301076,1909f56bfc062723c751e8b465ee728b)  -> (artifact id: 'a7fb44a4031a66bfc2b22e2b492aa1ba') in 0.009480 seconds 
  Import took 0.011423 seconds .

========================================================================
Received Import Request.
  Time since last request: 0.000140 seconds.
  path: Assets/圖片/TextBTN_Medium.png
  artifactKey: Guid(5fc8faae6f14b374f96ae11ab0232ffa) Importer(815301076,1909f56bfc062723c751e8b465ee728b)
Start importing Assets/圖片/TextBTN_Medium.png using Guid(5fc8faae6f14b374f96ae11ab0232ffa) Importer(815301076,1909f56bfc062723c751e8b465ee728b)  -> (artifact id: '35de6d6d4166620ae97dd1441e1f21f7') in 0.008925 seconds 
  Import took 0.010993 seconds .

========================================================================
Received Import Request.
  Time since last request: 0.000126 seconds.
  path: Assets/圖片/危險.jpg
  artifactKey: Guid(e1947be729a78114db4e204291a35c90) Importer(815301076,1909f56bfc062723c751e8b465ee728b)
Start importing Assets/圖片/危險.jpg using Guid(e1947be729a78114db4e204291a35c90) Importer(815301076,1909f56bfc062723c751e8b465ee728b)  -> (artifact id: '661ba25573ae1c01b45791b76b4489a7') in 0.009968 seconds 
  Import took 0.011973 seconds .

========================================================================
Received Import Request.
  Time since last request: 0.000166 seconds.
  path: Assets/圖片/dcbru68-de31504d-e3df-44fe-a27c-41523a2eeb16.png
  artifactKey: Guid(8697af4f28980d147a6b7adc94957cfc) Importer(815301076,1909f56bfc062723c751e8b465ee728b)
Start importing Assets/圖片/dcbru68-de31504d-e3df-44fe-a27c-41523a2eeb16.png using Guid(8697af4f28980d147a6b7adc94957cfc) Importer(815301076,1909f56bfc062723c751e8b465ee728b)  -> (artifact id: 'c5f9074e5c28b8333291862d0cd678f7') in 0.012033 seconds 
  Import took 0.014046 seconds .

========================================================================
Received Import Request.
  Time since last request: 0.804987 seconds.
  path: Assets/圖片/0..png
  artifactKey: Guid(66a88a5a9b130a7499adc401120f992e) Importer(815301076,1909f56bfc062723c751e8b465ee728b)
Start importing Assets/圖片/0..png using Guid(66a88a5a9b130a7499adc401120f992e) Importer(815301076,1909f56bfc062723c751e8b465ee728b)  -> (artifact id: '32c6fdf6f482c4b5d84d40f759554bdf') in 0.010700 seconds 
  Import took 0.013037 seconds .

========================================================================
Received Import Request.
  Time since last request: 0.000241 seconds.
  path: Assets/圖片/2.png
  artifactKey: Guid(2238f1fa63c201c4ea26c2d52dba3e20) Importer(815301076,1909f56bfc062723c751e8b465ee728b)
Start importing Assets/圖片/2.png using Guid(2238f1fa63c201c4ea26c2d52dba3e20) Importer(815301076,1909f56bfc062723c751e8b465ee728b)  -> (artifact id: '9053968e47a6acfb6a2ff45b3fb211b1') in 0.011396 seconds 
  Import took 0.013470 seconds .

========================================================================
Received Import Request.
  Time since last request: 0.000204 seconds.
  path: Assets/圖片/3.png
  artifactKey: Guid(f2aa2df632162fc4083470507e551ea4) Importer(815301076,1909f56bfc062723c751e8b465ee728b)
Start importing Assets/圖片/3.png using Guid(f2aa2df632162fc4083470507e551ea4) Importer(815301076,1909f56bfc062723c751e8b465ee728b)  -> (artifact id: 'c8fd97fad8c9f5ecb06713bee24f30bd') in 0.010675 seconds 
  Import took 0.012685 seconds .

========================================================================
Received Import Request.
  Time since last request: 0.000219 seconds.
  path: Assets/圖片/1.png
  artifactKey: Guid(11a1e1e38340b944785b7d28c03e9e40) Importer(815301076,1909f56bfc062723c751e8b465ee728b)
Start importing Assets/圖片/1.png using Guid(11a1e1e38340b944785b7d28c03e9e40) Importer(815301076,1909f56bfc062723c751e8b465ee728b)  -> (artifact id: '2dec49ddf5a7de04f1d9a8b9e9891557') in 0.011044 seconds 
  Import took 0.013270 seconds .

========================================================================
Received Import Request.
  Time since last request: 0.000164 seconds.
  path: Assets/圖片/4.png
  artifactKey: Guid(f37137db20a69d542b3f1dc94337b511) Importer(815301076,1909f56bfc062723c751e8b465ee728b)
Start importing Assets/圖片/4.png using Guid(f37137db20a69d542b3f1dc94337b511) Importer(815301076,1909f56bfc062723c751e8b465ee728b)  -> (artifact id: '4501b5e1b4ce8088bcecd196dbf2d811') in 0.022123 seconds 
  Import took 0.024254 seconds .

========================================================================
Received Import Request.
  Time since last request: 0.000228 seconds.
  path: Assets/圖片/6.png
  artifactKey: Guid(4bcdaaf6ec35a104fabb540731ea3d5f) Importer(815301076,1909f56bfc062723c751e8b465ee728b)
Start importing Assets/圖片/6.png using Guid(4bcdaaf6ec35a104fabb540731ea3d5f) Importer(815301076,1909f56bfc062723c751e8b465ee728b)  -> (artifact id: '171f532bc864c1bd55cd8bf323a53c6c') in 0.021961 seconds 
  Import took 0.024071 seconds .

========================================================================
Received Prepare
Registering precompiled user dll's ...
Registered in 0.002807 seconds.
Begin MonoManager ReloadAssembly
Native extension for WindowsStandalone target not found
Native extension for WebGL target not found
Refreshing native plugins compatible for Editor in 0.41 ms, found 2 plugins.
Preloading 0 native plugins for Editor in 0.00 ms.
Mono: successfully reloaded assembly
- Completed reload, in  0.771 seconds
Platform modules already initialized, skipping
Refreshing native plugins compatible for Editor in 0.40 ms, found 2 plugins.
Preloading 0 native plugins for Editor in 0.00 ms.
Unloading 1412 Unused Serialized files (Serialized files now loaded: 0)
System memory in use before: 70.2 MB.
System memory in use after: 70.3 MB.

Unloading 13 unused Assets to reduce memory usage. Loaded Objects now: 1923.
Total: 1.796900 ms (FindLiveObjects: 0.140500 ms CreateObjectMapping: 0.042800 ms MarkObjects: 1.597700 ms  DeleteObjects: 0.015200 ms)

AssetImportParameters requested are different than current active one (requested -> active):
  custom:framework-win-MediaFoundation: 216162199b28c13a410421893ffa2e32 -> 
  custom:video-decoder-ogg-theora: a1e56fd34408186e4bbccfd4996cb3dc -> 
  custom:container-muxer-webm: aa71ff27fc2769a1b78a27578f13a17b -> 
  custom:container-demuxer-webm: 4f35f7cbe854078d1ac9338744f61a02 -> 
  custom:container-demuxer-ogg: 62fdf1f143b41e24485cea50d1cbac27 -> 
  custom:video-encoder-webm-vp8: eb34c28f22e8b96e1ab97ce403110664 -> 
  custom:video-decoder-webm-vp8: 9c59270c3fd7afecdb556c50c9e8de78 -> 
  custom:audio-decoder-ogg-vorbis: bf7c407c2cedff20999df2af8eb42d56 -> 
  custom:audio-encoder-webm-vorbis: bf7c407c2cedff20999df2af8eb42d56 -> 
========================================================================
Received Prepare
Registering precompiled user dll's ...
Registered in 0.002857 seconds.
Begin MonoManager ReloadAssembly
Native extension for WindowsStandalone target not found
Native extension for WebGL target not found
Refreshing native plugins compatible for Editor in 0.50 ms, found 2 plugins.
Preloading 0 native plugins for Editor in 0.00 ms.
Mono: successfully reloaded assembly
- Completed reload, in  0.786 seconds
Platform modules already initialized, skipping
Refreshing native plugins compatible for Editor in 0.38 ms, found 2 plugins.
Preloading 0 native plugins for Editor in 0.00 ms.
Unloading 1412 Unused Serialized files (Serialized files now loaded: 0)
System memory in use before: 70.2 MB.
System memory in use after: 70.3 MB.

Unloading 13 unused Assets to reduce memory usage. Loaded Objects now: 1926.
Total: 1.525200 ms (FindLiveObjects: 0.131800 ms CreateObjectMapping: 0.038300 ms MarkObjects: 1.341200 ms  DeleteObjects: 0.013300 ms)

AssetImportParameters requested are different than current active one (requested -> active):
  custom:framework-win-MediaFoundation: 216162199b28c13a410421893ffa2e32 -> 
  custom:video-decoder-ogg-theora: a1e56fd34408186e4bbccfd4996cb3dc -> 
  custom:container-muxer-webm: aa71ff27fc2769a1b78a27578f13a17b -> 
  custom:container-demuxer-webm: 4f35f7cbe854078d1ac9338744f61a02 -> 
  custom:container-demuxer-ogg: 62fdf1f143b41e24485cea50d1cbac27 -> 
  custom:video-encoder-webm-vp8: eb34c28f22e8b96e1ab97ce403110664 -> 
  custom:video-decoder-webm-vp8: 9c59270c3fd7afecdb556c50c9e8de78 -> 
  custom:audio-decoder-ogg-vorbis: bf7c407c2cedff20999df2af8eb42d56 -> 
  custom:audio-encoder-webm-vorbis: bf7c407c2cedff20999df2af8eb42d56 -> 
========================================================================
Received Prepare
Registering precompiled user dll's ...
Registered in 0.003147 seconds.
Begin MonoManager ReloadAssembly
Native extension for WindowsStandalone target not found
Native extension for WebGL target not found
Refreshing native plugins compatible for Editor in 0.38 ms, found 2 plugins.
Preloading 0 native plugins for Editor in 0.00 ms.
Mono: successfully reloaded assembly
- Completed reload, in  0.778 seconds
Platform modules already initialized, skipping
Refreshing native plugins compatible for Editor in 0.41 ms, found 2 plugins.
Preloading 0 native plugins for Editor in 0.00 ms.
Unloading 1412 Unused Serialized files (Serialized files now loaded: 0)
System memory in use before: 70.2 MB.
System memory in use after: 70.3 MB.

Unloading 13 unused Assets to reduce memory usage. Loaded Objects now: 1929.
Total: 1.439500 ms (FindLiveObjects: 0.121000 ms CreateObjectMapping: 0.036300 ms MarkObjects: 1.269100 ms  DeleteObjects: 0.012400 ms)

AssetImportParameters requested are different than current active one (requested -> active):
  custom:framework-win-MediaFoundation: 216162199b28c13a410421893ffa2e32 -> 
  custom:video-decoder-ogg-theora: a1e56fd34408186e4bbccfd4996cb3dc -> 
  custom:container-muxer-webm: aa71ff27fc2769a1b78a27578f13a17b -> 
  custom:container-demuxer-webm: 4f35f7cbe854078d1ac9338744f61a02 -> 
  custom:container-demuxer-ogg: 62fdf1f143b41e24485cea50d1cbac27 -> 
  custom:video-encoder-webm-vp8: eb34c28f22e8b96e1ab97ce403110664 -> 
  custom:video-decoder-webm-vp8: 9c59270c3fd7afecdb556c50c9e8de78 -> 
  custom:audio-decoder-ogg-vorbis: bf7c407c2cedff20999df2af8eb42d56 -> 
  custom:audio-encoder-webm-vorbis: bf7c407c2cedff20999df2af8eb42d56 -> 
========================================================================
Received Prepare
Refreshing native plugins compatible for Editor in 3.35 ms, found 2 plugins.
Preloading 0 native plugins for Editor in 0.00 ms.
Unloading 11 Unused Serialized files (Serialized files now loaded: 0)
System memory in use before: 42.0 MB.
System memory in use after: 42.2 MB.

Unloading 11 unused Assets to reduce memory usage. Loaded Objects now: 1929.
Total: 1.455000 ms (FindLiveObjects: 0.160400 ms CreateObjectMapping: 0.039500 ms MarkObjects: 1.238100 ms  DeleteObjects: 0.016200 ms)

AssetImportParameters requested are different than current active one (requested -> active):
  custom:framework-win-MediaFoundation: 216162199b28c13a410421893ffa2e32 -> 
  custom:video-decoder-ogg-theora: a1e56fd34408186e4bbccfd4996cb3dc -> 
  custom:container-muxer-webm: aa71ff27fc2769a1b78a27578f13a17b -> 
  custom:container-demuxer-webm: 4f35f7cbe854078d1ac9338744f61a02 -> 
  custom:container-demuxer-ogg: 62fdf1f143b41e24485cea50d1cbac27 -> 
  custom:video-encoder-webm-vp8: eb34c28f22e8b96e1ab97ce403110664 -> 
  custom:video-decoder-webm-vp8: 9c59270c3fd7afecdb556c50c9e8de78 -> 
  custom:audio-decoder-ogg-vorbis: bf7c407c2cedff20999df2af8eb42d56 -> 
  custom:audio-encoder-webm-vorbis: bf7c407c2cedff20999df2af8eb42d56 -> 
========================================================================
Received Import Request.
  Time since last request: 517.823227 seconds.
  path: Assets/圖片/未命名-1 1.png
  artifactKey: Guid(a04bafc3d779fdb45ade107af7ddf67e) Importer(815301076,1909f56bfc062723c751e8b465ee728b)
Start importing Assets/圖片/未命名-1 1.png using Guid(a04bafc3d779fdb45ade107af7ddf67e) Importer(815301076,1909f56bfc062723c751e8b465ee728b)  -> (artifact id: 'a796514324838a76d0d702d83824bcc7') in 0.070048 seconds 
  Import took 0.072381 seconds .

========================================================================
Received Import Request.
  Time since last request: 0.003588 seconds.
  path: Assets/圖片/未命名-1 1.png
  artifactKey: Guid(a04bafc3d779fdb45ade107af7ddf67e) Importer(815301076,1909f56bfc062723c751e8b465ee728b)
Start importing Assets/圖片/未命名-1 1.png using Guid(a04bafc3d779fdb45ade107af7ddf67e) Importer(815301076,1909f56bfc062723c751e8b465ee728b)  -> (artifact id: 'a796514324838a76d0d702d83824bcc7') in 0.021854 seconds 
  Import took 0.024406 seconds .

========================================================================
Received Prepare
Refreshing native plugins compatible for Editor in 2.57 ms, found 2 plugins.
Preloading 0 native plugins for Editor in 0.00 ms.
Unloading 11 Unused Serialized files (Serialized files now loaded: 0)
System memory in use before: 42.1 MB.
System memory in use after: 42.3 MB.

Unloading 11 unused Assets to reduce memory usage. Loaded Objects now: 1930.
Total: 2.061000 ms (FindLiveObjects: 0.120800 ms CreateObjectMapping: 0.039100 ms MarkObjects: 1.886800 ms  DeleteObjects: 0.013600 ms)

AssetImportParameters requested are different than current active one (requested -> active):
  custom:framework-win-MediaFoundation: 216162199b28c13a410421893ffa2e32 -> 
  custom:video-decoder-ogg-theora: a1e56fd34408186e4bbccfd4996cb3dc -> 
  custom:container-muxer-webm: aa71ff27fc2769a1b78a27578f13a17b -> 
  custom:container-demuxer-webm: 4f35f7cbe854078d1ac9338744f61a02 -> 
  custom:container-demuxer-ogg: 62fdf1f143b41e24485cea50d1cbac27 -> 
  custom:video-encoder-webm-vp8: eb34c28f22e8b96e1ab97ce403110664 -> 
  custom:video-decoder-webm-vp8: 9c59270c3fd7afecdb556c50c9e8de78 -> 
  custom:audio-decoder-ogg-vorbis: bf7c407c2cedff20999df2af8eb42d56 -> 
  custom:audio-encoder-webm-vorbis: bf7c407c2cedff20999df2af8eb42d56 -> 
AssetImportWorkerClient::OnTransportError - code=2 error=End of file
